<?xml version="1.0" encoding="UTF-8"?>
<testsuite name="Test" tests="2" skipped="0" failures="0" errors="0" timestamp="2022-05-17T08:00:55" hostname="GORSHOK-PC" time="0.013">
  <properties/>
  <testcase name="testNegative" classname="Test" time="0.012"/>
  <testcase name="testLargeNumber" classname="Test" time="0.001"/>
  <system-out><![CDATA[]]></system-out>
  <system-err><![CDATA[]]></system-err>
</testsuite>
