<?xml version="1.0" encoding="UTF-8"?>
<testsuite name="TestOperatorsOverloading" tests="3" skipped="0" failures="0" errors="0" timestamp="2022-05-17T08:55:27" hostname="GORSHOK-PC" time="0.016">
  <properties/>
  <testcase name="testOneMonth" classname="TestOperatorsOverloading" time="0.012"/>
  <testcase name="testAddOneTimeInterval" classname="TestOperatorsOverloading" time="0.002"/>
  <testcase name="testMonthChange" classname="TestOperatorsOverloading" time="0.002"/>
  <system-out><![CDATA[]]></system-out>
  <system-err><![CDATA[]]></system-err>
</testsuite>
