<?xml version="1.0" encoding="UTF-8"?>
<testsuite name="TestLazyProperty" tests="2" skipped="0" failures="0" errors="0" timestamp="2022-05-18T06:39:58" hostname="GORSHOK-PC" time="0.009">
  <properties/>
  <testcase name="testLazy" classname="TestLazyProperty" time="0.007"/>
  <testcase name="initializedOnce" classname="TestLazyProperty" time="0.001"/>
  <system-out><![CDATA[]]></system-out>
  <system-err><![CDATA[]]></system-err>
</testsuite>
