<?xml version="1.0" encoding="UTF-8"?>
<testsuite name="TestDelegatesExamples" tests="2" skipped="0" failures="0" errors="0" timestamp="2022-05-18T06:40:21" hostname="GORSHOK-PC" time="0.012">
  <properties/>
  <testcase name="testLazy" classname="TestDelegatesExamples" time="0.01"/>
  <testcase name="initializedOnce" classname="TestDelegatesExamples" time="0.002"/>
  <system-out><![CDATA[]]></system-out>
  <system-err><![CDATA[]]></system-err>
</testsuite>
