<?xml version="1.0" encoding="UTF-8"?>
<testsuite name="TestMaxMin" tests="2" skipped="0" failures="0" errors="0" timestamp="2022-05-17T09:29:26" hostname="GORSHOK-PC" time="0.046">
  <properties/>
  <testcase name="testTheMostExpensiveOrderedProduct" classname="TestMaxMin" time="0.045"/>
  <testcase name="testCustomerWithMaximumNumberOfOrders" classname="TestMaxMin" time="0.0"/>
  <system-out><![CDATA[]]></system-out>
  <system-err><![CDATA[]]></system-err>
</testsuite>
