<?xml version="1.0" encoding="UTF-8"?>
<testsuite name="TestTheFunctionWith" tests="2" skipped="0" failures="0" errors="0" timestamp="2022-05-18T08:14:30" hostname="GORSHOK-PC" time="0.01">
  <properties/>
  <testcase name="testCreateString" classname="TestTheFunctionWith" time="0.008"/>
  <testcase name="testCreateMap" classname="TestTheFunctionWith" time="0.002"/>
  <system-out><![CDATA[]]></system-out>
  <system-err><![CDATA[]]></system-err>
</testsuite>
