<?xml version="1.0" encoding="UTF-8"?>
<testsuite name="TestStart" tests="1" skipped="0" failures="0" errors="0" timestamp="2022-05-17T07:52:21" hostname="GORSHOK-PC" time="0.006">
  <properties/>
  <testcase name="testOk" classname="TestStart" time="0.006"/>
  <system-out><![CDATA[]]></system-out>
  <system-err><![CDATA[]]></system-err>
</testsuite>
