<?xml version="1.0" encoding="UTF-8"?>
<testsuite name="TestExtensionFunctions" tests="2" skipped="0" failures="0" errors="0" timestamp="2022-05-17T08:07:48" hostname="GORSHOK-PC" time="0.008">
  <properties/>
  <testcase name="testPairExtension" classname="TestExtensionFunctions" time="0.007"/>
  <testcase name="testIntExtension" classname="TestExtensionFunctions" time="0.0"/>
  <system-out><![CDATA[]]></system-out>
  <system-err><![CDATA[]]></system-err>
</testsuite>
