<?xml version="1.0" encoding="UTF-8"?>
<testsuite name="Test" tests="1" skipped="0" failures="0" errors="0" timestamp="2022-05-17T08:06:40" hostname="GORSHOK-PC" time="0.039">
  <properties/>
  <testcase name="testRandom" classname="Test" time="0.039"/>
  <system-out><![CDATA[]]></system-out>
  <system-err><![CDATA[]]></system-err>
</testsuite>
