<?xml version="1.0" encoding="UTF-8"?>
<testsuite name="TestDataClasses" tests="2" skipped="0" failures="0" errors="0" timestamp="2022-05-17T08:02:49" hostname="GORSHOK-PC" time="0.024">
  <properties/>
  <testcase name="testComparePeople" classname="TestDataClasses" time="0.006"/>
  <testcase name="testListOfPeople" classname="TestDataClasses" time="0.018"/>
  <system-out><![CDATA[]]></system-out>
  <system-err><![CDATA[]]></system-err>
</testsuite>
