<?xml version="1.0" encoding="UTF-8"?>
<testsuite name="TestProperties" tests="1" skipped="0" failures="0" errors="0" timestamp="2022-05-18T06:26:03" hostname="GORSHOK-PC" time="0.005">
  <properties/>
  <testcase name="testPropertyWithCounter" classname="TestProperties" time="0.005"/>
  <system-out><![CDATA[]]></system-out>
  <system-err><![CDATA[]]></system-err>
</testsuite>
