<?xml version="1.0" encoding="UTF-8"?>
<testsuite name="TestDelegatesHowItWorks" tests="1" skipped="0" failures="0" errors="0" timestamp="2022-05-18T07:57:56" hostname="GORSHOK-PC" time="0.061">
  <properties/>
  <testcase name="testDate" classname="TestDelegatesHowItWorks" time="0.061"/>
  <system-out><![CDATA[]]></system-out>
  <system-err><![CDATA[]]></system-err>
</testsuite>
