<?xml version="1.0" encoding="UTF-8"?>
<testsuite name="TestForLoop" tests="2" skipped="0" failures="0" errors="0" timestamp="2022-05-17T08:43:35" hostname="GORSHOK-PC" time="0.02">
  <properties/>
  <testcase name="testIterateOverDateRange" classname="TestForLoop" time="0.017"/>
  <testcase name="testIterateOverEmptyRange" classname="TestForLoop" time="0.003"/>
  <system-out><![CDATA[]]></system-out>
  <system-err><![CDATA[]]></system-err>
</testsuite>
