<?xml version="1.0" encoding="UTF-8"?>
<testsuite name="TestGroupBy" tests="1" skipped="0" failures="0" errors="0" timestamp="2022-05-17T09:14:57" hostname="GORSHOK-PC" time="0.043">
  <properties/>
  <testcase name="testGroupCustomersByCity" classname="TestGroupBy" time="0.043"/>
  <system-out><![CDATA[]]></system-out>
  <system-err><![CDATA[]]></system-err>
</testsuite>
